<?xml version="1.0" encoding="UTF-8"?>
<!-- Generated by org.testng.reporters.JUnitReportReporter -->
<testsuite skipped="0" hostname="DESKTOP-32MNFRR" name="pack1.TestNGDemo1" tests="4" failures="0" timestamp="24 Sep 2017 07:10:55 GMT" time="19.373" errors="0">
  <testcase name="launchBrowser" time="4.002" classname="pack1.TestNGDemo1"/>
  <testcase name="verifyGoogleTitle" time="3.770" classname="pack1.TestNGDemo1"/>
  <testcase name="verifyYahooTitle" time="11.085" classname="pack1.TestNGDemo1"/>
  <testcase name="closeBrowser" time="0.516" classname="pack1.TestNGDemo1"/>
</testsuite> <!-- pack1.TestNGDemo1 -->
