<?xml version="1.0" encoding="UTF-8"?>
<!-- Generated by org.testng.reporters.JUnitReportReporter -->
<testsuite skipped="0" hostname="DESKTOP-32MNFRR" name="pack1.NewTest1" tests="3" failures="0" timestamp="24 Sep 2017 10:30:35 GMT" time="0.046" errors="0">
  <testcase name="deleteCart" time="0.025" classname="pack1.NewTest1"/>
  <testcase name="deleteProduct" time="0.001" classname="pack1.NewTest1"/>
  <testcase name="deleteCurrency" time="0.020" classname="pack1.NewTest1"/>
</testsuite> <!-- pack1.NewTest1 -->
