<?xml version="1.0" encoding="UTF-8"?>
<!-- Generated by org.testng.reporters.JUnitReportReporter -->
<testsuite skipped="0" hostname="DESKTOP-32MNFRR" name="pack1.GroupDemo" tests="4" failures="0" timestamp="24 Sep 2017 08:38:19 GMT" time="0.019" errors="0">
  <testcase name="login" time="0.012" classname="pack1.GroupDemo"/>
  <testcase name="search" time="0.002" classname="pack1.GroupDemo"/>
  <testcase name="advancedSearch" time="0.002" classname="pack1.GroupDemo"/>
  <testcase name="logout" time="0.003" classname="pack1.GroupDemo"/>
</testsuite> <!-- pack1.GroupDemo -->
