<?xml version="1.0" encoding="UTF-8"?>
<!-- Generated by org.testng.reporters.JUnitReportReporter -->
<testsuite skipped="0" hostname="DESKTOP-32MNFRR" name="pack1.GroupDemo" tests="4" failures="0" timestamp="09 Oct 2017 06:30:55 GMT" time="0.055" errors="0">
  <testcase name="login" time="0.046" classname="pack1.GroupDemo"/>
  <testcase name="advancedSearch" time="0.005" classname="pack1.GroupDemo"/>
  <testcase name="billPayment" time="0.002" classname="pack1.GroupDemo"/>
  <testcase name="logout" time="0.002" classname="pack1.GroupDemo"/>
</testsuite> <!-- pack1.GroupDemo -->
