<?xml version="1.0" encoding="UTF-8"?>
<!-- Generated by org.testng.reporters.JUnitReportReporter -->
<testsuite skipped="0" hostname="DESKTOP-32MNFRR" name="pack1.TestNGDemo2" tests="3" failures="0" timestamp="24 Sep 2017 07:19:27 GMT" time="24.344" errors="0">
  <testcase name="verifyGoogleTitle" time="4.035" classname="pack1.TestNGDemo2"/>
  <testcase name="verifyYahooTitle" time="9.092" classname="pack1.TestNGDemo2"/>
  <testcase name="verifyFlipkartTitle" time="11.217" classname="pack1.TestNGDemo2"/>
</testsuite> <!-- pack1.TestNGDemo2 -->
