<?xml version="1.0" encoding="UTF-8"?>
<!-- Generated by org.testng.reporters.JUnitReportReporter -->
<testsuite skipped="0" hostname="DESKTOP-32MNFRR" name="pack1.ErrorTextCaptureDemo" tests="1" failures="0" timestamp="09 Oct 2017 06:16:41 GMT" time="50.643" errors="0">
  <testcase name="errorCapture" time="50.643" classname="pack1.ErrorTextCaptureDemo"/>
</testsuite> <!-- pack1.ErrorTextCaptureDemo -->
