<?xml version="1.0" encoding="UTF-8"?>
<!-- Generated by org.testng.reporters.JUnitReportReporter -->
<testsuite skipped="0" hostname="DESKTOP-32MNFRR" name="pack1.TestNGDemo" tests="1" failures="0" timestamp="24 Sep 2017 04:07:02 GMT" time="8.689" errors="0">
  <testcase name="verifyTitle" time="8.689" classname="pack1.TestNGDemo"/>
</testsuite> <!-- pack1.TestNGDemo -->
