<?xml version="1.0" encoding="UTF-8"?>
<!-- Generated by org.testng.reporters.JUnitReportReporter -->
<testsuite skipped="0" hostname="DESKTOP-32MNFRR" name="pack1.Demo" tests="1" failures="0" timestamp="09 Oct 2017 06:11:50 GMT" time="0.018" errors="0">
  <testcase name="method" time="0.018" classname="pack1.Demo"/>
</testsuite> <!-- pack1.Demo -->
