<?xml version="1.0" encoding="UTF-8"?>
<!-- Generated by org.testng.reporters.JUnitReportReporter -->
<testsuite skipped="0" hostname="DESKTOP-32MNFRR" name="pack1.CrossBrowser" tests="3" failures="0" timestamp="09 Oct 2017 05:10:41 GMT" time="74.069" errors="0">
  <testcase name="verifyTitle" time="26.984" classname="pack1.CrossBrowser"/>
  <testcase name="verifyTitle" time="4.704" classname="pack1.CrossBrowser"/>
  <testcase name="verifyTitle" time="42.381" classname="pack1.CrossBrowser"/>
</testsuite> <!-- pack1.CrossBrowser -->
