<?xml version="1.0" encoding="UTF-8"?>
<!-- Generated by org.testng.reporters.JUnitReportReporter -->
<testsuite skipped="0" hostname="DESKTOP-32MNFRR" name="pack1.ListenerDemo" tests="1" failures="0" timestamp="09 Oct 2017 06:45:15 GMT" time="0.019" errors="0">
  <testcase name="login" time="0.019" classname="pack1.ListenerDemo"/>
</testsuite> <!-- pack1.ListenerDemo -->
