<?xml version="1.0" encoding="UTF-8"?>
<!-- Generated by org.testng.reporters.JUnitReportReporter -->
<testsuite skipped="0" hostname="DESKTOP-32MNFRR" name="pack1.DynamicXpathDemo" tests="1" failures="0" timestamp="01 Oct 2017 05:40:42 GMT" time="15.432" errors="0">
  <testcase name="method" time="15.432" classname="pack1.DynamicXpathDemo"/>
</testsuite> <!-- pack1.DynamicXpathDemo -->
