<?xml version="1.0" encoding="UTF-8"?>
<!-- Generated by org.testng.reporters.JUnitReportReporter -->
<testsuite skipped="0" hostname="DESKTOP-32MNFRR" name="pack1.ExplicitWaitDemo" tests="1" failures="0" timestamp="09 Oct 2017 06:21:52 GMT" time="15.659" errors="0">
  <testcase name="method" time="15.659" classname="pack1.ExplicitWaitDemo"/>
</testsuite> <!-- pack1.ExplicitWaitDemo -->
