<?xml version="1.0" encoding="UTF-8"?>
<!-- Generated by org.testng.reporters.JUnitReportReporter -->
<testsuite skipped="0" hostname="DESKTOP-32MNFRR" name="pack1.CaptureScreenshot" tests="1" failures="0" timestamp="09 Oct 2017 04:18:04 GMT" time="11.287" errors="0">
  <testcase name="screenshot" time="11.287" classname="pack1.CaptureScreenshot"/>
</testsuite> <!-- pack1.CaptureScreenshot -->
