<?xml version="1.0" encoding="UTF-8"?>
<!-- Generated by org.testng.reporters.JUnitReportReporter -->
<testsuite skipped="0" hostname="DESKTOP-32MNFRR" name="pack1.DataProviderDemo" tests="3" failures="0" timestamp="28 Sep 2017 07:28:52 GMT" time="48.602" errors="0">
  <testcase name="adminLogin" time="12.160" classname="pack1.DataProviderDemo"/>
  <testcase name="adminLogin" time="23.891" classname="pack1.DataProviderDemo"/>
  <testcase name="adminLogin" time="12.551" classname="pack1.DataProviderDemo"/>
</testsuite> <!-- pack1.DataProviderDemo -->
