<?xml version="1.0" encoding="UTF-8"?>
<!-- Generated by org.testng.reporters.JUnitReportReporter -->
<testsuite skipped="0" hostname="DESKTOP-32MNFRR" name="pack1.CrossBrowser" tests="3" failures="0" timestamp="28 Sep 2017 08:34:39 GMT" time="93.660" errors="0">
  <testcase name="verifyTitle" time="3.228" classname="pack1.CrossBrowser"/>
  <testcase name="verifyTitle" time="34.867" classname="pack1.CrossBrowser"/>
  <testcase name="verifyTitle" time="55.565" classname="pack1.CrossBrowser"/>
</testsuite> <!-- pack1.CrossBrowser -->
