<?xml version="1.0" encoding="UTF-8"?>
<!-- Generated by org.testng.reporters.JUnitReportReporter -->
<testsuite skipped="0" hostname="DESKTOP-32MNFRR" name="pack1.DatabaseDemo" tests="1" failures="0" timestamp="09 Oct 2017 05:20:06 GMT" time="7.950" errors="0">
  <testcase name="mySQL" time="7.950" classname="pack1.DatabaseDemo"/>
</testsuite> <!-- pack1.DatabaseDemo -->
