<?xml version="1.0" encoding="UTF-8"?>
<!-- Generated by org.testng.reporters.JUnitReportReporter -->
<testsuite skipped="0" hostname="DESKTOP-32MNFRR" name="pack1.ParallelDemo" tests="5" failures="0" timestamp="24 Sep 2017 10:30:35 GMT" time="0.044" errors="0">
  <testcase name="deleteCurrency" time="0.002" classname="pack1.ParallelDemo"/>
  <testcase name="logout" time="0.005" classname="pack1.ParallelDemo"/>
  <testcase name="deleteProduct" time="0.003" classname="pack1.ParallelDemo"/>
  <testcase name="deleteCart" time="0.032" classname="pack1.ParallelDemo"/>
  <testcase name="login" time="0.002" classname="pack1.ParallelDemo"/>
</testsuite> <!-- pack1.ParallelDemo -->
