<?xml version="1.0" encoding="UTF-8"?>
<!-- Generated by org.testng.reporters.JUnitReportReporter -->
<testsuite skipped="0" hostname="DESKTOP-32MNFRR" name="pack1.AssertDemo" tests="1" failures="0" timestamp="28 Sep 2017 07:26:40 GMT" time="0.020" errors="0">
  <testcase name="method1" time="0.020" classname="pack1.AssertDemo"/>
</testsuite> <!-- pack1.AssertDemo -->
