<?xml version="1.0" encoding="UTF-8"?>
<!-- Generated by org.testng.reporters.JUnitReportReporter -->
<testsuite skipped="0" hostname="DESKTOP-32MNFRR" name="pack1.ErrorTextCaptureDemo" tests="1" failures="0" timestamp="28 Sep 2017 09:03:44 GMT" time="7.503" errors="0">
  <testcase name="errorCapture" time="7.503" classname="pack1.ErrorTextCaptureDemo"/>
</testsuite> <!-- pack1.ErrorTextCaptureDemo -->
