<?xml version="1.0" encoding="UTF-8"?>
<!-- Generated by org.testng.reporters.JUnitReportReporter -->
<testsuite skipped="0" hostname="DESKTOP-32MNFRR" name="pack1.NewTest" tests="3" failures="0" timestamp="24 Sep 2017 07:48:34 GMT" time="0.025" errors="0">
  <testcase name="addProduct" time="0.002" classname="pack1.NewTest"/>
  <testcase name="addCart" time="0.016" classname="pack1.NewTest"/>
  <testcase name="addCurrency" time="0.007" classname="pack1.NewTest"/>
</testsuite> <!-- pack1.NewTest -->
